<?xml version="1.0" encoding="UTF-8"?>
<testsuite xmlns:xsi="http://www.w3.org/2001/XMLSchema-instance" xsi:noNamespaceSchemaLocation="https://maven.apache.org/surefire/maven-surefire-plugin/xsd/surefire-test-report-3.0.xsd" version="3.0" name="com.valery.testing.CalificacionesTest" time="0.058" tests="9" errors="0" skipped="0" failures="0">
  <properties>
[...]
</properties>
  <testcase name="estaAprobado_promedio13_esTrue" classname="com.valery.testing.CalificacionesTest" time="0.021"/>
  <testcase name="calcularPromedio_notasAltas_retorna15" classname="com.valery.testing.CalificacionesTest" time="0.004"/>
  <testcase name="estaAprobado_promedio05_esFalse" classname="com.valery.testing.CalificacionesTest" time="0.001"/>
  <testcase name="estaAprobado_promedio12_esFalse" classname="com.valery.testing.CalificacionesTest" time="0.001"/>
  <testcase name="calcularPromedio_conDivisionExacta_retorna13" classname="com.valery.testing.CalificacionesTest" time="0.0"/>
  <testcase name="calcularPromedio_notasMaximas_retorna18" classname="com.valery.testing.CalificacionesTest" time="0.001"/>
  <testcase name="estaAprobado_promedioJustoDebajoDelLimite_esFalse" classname="com.valery.testing.CalificacionesTest" time="0.001"/>
  <testcase name="calcularPromedio_notasMedias_retorna12" classname="com.valery.testing.CalificacionesTest" time="0.0"/>
  <testcase name="estaAprobado_promedio15_esTrue" classname="com.valery.testing.CalificacionesTest" time="0.0"/>
</testsuite>